NAMESPACE            NAME                                             READY   STATUS      RESTARTS   AGE
ingress-nginx        pod/ingress-nginx-admission-create-ldflh         0/1     Completed   0          26m
ingress-nginx        pod/ingress-nginx-admission-patch-25zrj          0/1     Completed   0          26m
ingress-nginx        pod/ingress-nginx-controller-54d9445ccb-rgftl    1/1     Running     0          26m
kube-system          pod/coredns-668d6bf9bc-mzrrz                     1/1     Running     0          42m
kube-system          pod/coredns-668d6bf9bc-pdjrl                     1/1     Running     0          42m
kube-system          pod/etcd-kind-control-plane                      1/1     Running     0          43m
kube-system          pod/kindnet-2t7cr                                1/1     Running     0          42m
kube-system          pod/kindnet-66rww                                1/1     Running     0          42m
kube-system          pod/kindnet-flpx5                                1/1     Running     0          42m
kube-system          pod/kindnet-rvvzz                                1/1     Running     0          42m
kube-system          pod/kindnet-tltn7                                1/1     Running     0          42m
kube-system          pod/kindnet-wdlp5                                1/1     Running     0          42m
kube-system          pod/kindnet-zbp6t                                1/1     Running     0          42m
kube-system          pod/kube-apiserver-kind-control-plane            1/1     Running     0          43m
kube-system          pod/kube-controller-manager-kind-control-plane   1/1     Running     0          43m
kube-system          pod/kube-proxy-7wwds                             1/1     Running     0          42m
kube-system          pod/kube-proxy-7zb9g                             1/1     Running     0          42m
kube-system          pod/kube-proxy-82r4c                             1/1     Running     0          42m
kube-system          pod/kube-proxy-8k4mt                             1/1     Running     0          42m
kube-system          pod/kube-proxy-95j5v                             1/1     Running     0          42m
kube-system          pod/kube-proxy-lh25t                             1/1     Running     0          42m
kube-system          pod/kube-proxy-s7v2g                             1/1     Running     0          42m
kube-system          pod/kube-scheduler-kind-control-plane            1/1     Running     0          43m
local-path-storage   pod/local-path-provisioner-7dc846544d-bsptp      1/1     Running     0          42m
mysql                pod/mysql-0                                      1/1     Running     0          26m
mysql                pod/mysql-1                                      1/1     Running     0          25m

NAMESPACE       NAME                                         TYPE        CLUSTER-IP      EXTERNAL-IP   PORT(S)                      AGE
default         service/kubernetes                           ClusterIP   10.96.0.1       <none>        443/TCP                      43m
ingress-nginx   service/ingress-nginx-controller             NodePort    10.96.244.24    <none>        80:31950/TCP,443:31056/TCP   26m
ingress-nginx   service/ingress-nginx-controller-admission   ClusterIP   10.96.216.222   <none>        443/TCP                      26m
kube-system     service/kube-dns                             ClusterIP   10.96.0.10      <none>        53/UDP,53/TCP,9153/TCP       43m
mysql           service/mysql                                ClusterIP   None            <none>        3306/TCP                     26m
todoapp         service/todoapp-nodeport                     NodePort    10.96.122.120   <none>        80:30007/TCP                 26m
todoapp         service/todoapp-service                      ClusterIP   10.96.40.192    <none>        80/TCP                       26m

NAMESPACE     NAME                        DESIRED   CURRENT   READY   UP-TO-DATE   AVAILABLE   NODE SELECTOR            AGE
kube-system   daemonset.apps/kindnet      7         7         7       7            7           kubernetes.io/os=linux   42m
kube-system   daemonset.apps/kube-proxy   7         7         7       7            7           kubernetes.io/os=linux   43m

NAMESPACE            NAME                                       READY   UP-TO-DATE   AVAILABLE   AGE
ingress-nginx        deployment.apps/ingress-nginx-controller   1/1     1            1           26m
kube-system          deployment.apps/coredns                    2/2     2            2           43m
local-path-storage   deployment.apps/local-path-provisioner     1/1     1            1           42m
todoapp              deployment.apps/todoapp                    0/2     0            0           26m

NAMESPACE            NAME                                                  DESIRED   CURRENT   READY   AGE
ingress-nginx        replicaset.apps/ingress-nginx-controller-54d9445ccb   1         1         1       26m
kube-system          replicaset.apps/coredns-668d6bf9bc                    2         2         2       42m
local-path-storage   replicaset.apps/local-path-provisioner-7dc846544d     1         1         1       42m
todoapp              replicaset.apps/todoapp-5f44fcb474                    2         0         0       26m

NAMESPACE   NAME                     READY   AGE
mysql       statefulset.apps/mysql   2/2     26m

NAMESPACE   NAME                                          REFERENCE            TARGETS                                     MINPODS   MAXPODS   REPLICAS   AGE
todoapp     horizontalpodautoscaler.autoscaling/todoapp   Deployment/todoapp   cpu: <unknown>/70%, memory: <unknown>/70%   2         5         2          26m

NAMESPACE       NAME                                       STATUS     COMPLETIONS   DURATION   AGE
ingress-nginx   job.batch/ingress-nginx-admission-create   Complete   1/1           28s        26m
ingress-nginx   job.batch/ingress-nginx-admission-patch    Complete   1/1           31s        26m

NAMESPACE            NAME                                                             DATA   AGE
default              configmap/kube-root-ca.crt                                       1      42m
ingress-nginx        configmap/ingress-nginx-controller                               0      26m
ingress-nginx        configmap/kube-root-ca.crt                                       1      26m
kube-node-lease      configmap/kube-root-ca.crt                                       1      42m
kube-public          configmap/cluster-info                                           2      43m
kube-public          configmap/kube-root-ca.crt                                       1      42m
kube-system          configmap/coredns                                                1      43m
kube-system          configmap/extension-apiserver-authentication                     6      43m
kube-system          configmap/kube-apiserver-legacy-service-account-token-tracking   1      43m
kube-system          configmap/kube-proxy                                             2      43m
kube-system          configmap/kube-root-ca.crt                                       1      42m
kube-system          configmap/kubeadm-config                                         1      43m
kube-system          configmap/kubelet-config                                         1      43m
local-path-storage   configmap/kube-root-ca.crt                                       1      42m
local-path-storage   configmap/local-path-config                                      4      42m
mysql                configmap/kube-root-ca.crt                                       1      26m
mysql                configmap/mysql                                                  1      26m
todoapp              configmap/app-config                                             1      26m
todoapp              configmap/kube-root-ca.crt                                       1      26m

NAMESPACE       NAME                             TYPE                            DATA   AGE
ingress-nginx   secret/ingress-nginx-admission   Opaque                          3      26m
kube-system     secret/bootstrap-token-abcdef    bootstrap.kubernetes.io/token   6      43m
mysql           secret/mysql-secrets             Opaque                          3      26m
todoapp         secret/app-secret                Opaque                          5      26m
